[0719/102323:ERROR:process_info.cc(103)] ReadProcessMemory bool __cdecl crashpad::`anonymous-namespace'::ReadStruct<struct crashpad::process_types::PEB<struct crashpad::process_types::internal::Traits64>>(void *,unsigned __int64,struct crashpad::process_types::PEB<struct crashpad::process_types::internal::Traits64> *): Only part of a ReadProcessMemory or WriteProcessMemory request was completed. (0x12B)
[0719/102323:ERROR:process_info.cc(542)] ReadProcessData failed
[0719/102323:ERROR:process_info.cc(608)] range at 0x7ff789543000, size 0x354 fully unreadable
[0719/102323:ERROR:process_reader_win.cc(232)] ReadMemory at 0x7ff789543000 of 852 bytes failed: Only part of a ReadProcessMemory or WriteProcessMemory request was completed. (0x12B)
[0719/102323:ERROR:process_snapshot_win.cc(349)] ReadMemory PEB
[0719/102323:ERROR:process_reader_win.cc(232)] ReadMemory at 0x7ffb15266300 of 6656 bytes failed: Only part of a ReadProcessMemory or WriteProcessMemory request was completed. (0x12B)
[0719/102323:ERROR:process_reader_win.cc(98)] process 11152 not found
[0719/102323:ERROR:process_reader_win.cc(232)] ReadMemory at 0x7ff789cf1910 of 12 bytes failed: Only part of a ReadProcessMemory or WriteProcessMemory request was completed. (0x12B)
[0719/102323:WARNING:process_snapshot_win.cc(102)] ReadMemory ExceptionInformation failed
[0719/102323:WARNING:crash_report_exception_handler.cc(60)] ProcessSnapshotWin::InitializeException failed
[0719/102323:ERROR:scoped_process_suspend.cc(38)] NtResumeProcess, ntstatus=-1073741558
[0719/103953:ERROR:process_info.cc(330)] VirtualQueryEx: Access is denied. (0x5)
[0719/103953:ERROR:process_info.cc(547)] ReadMemoryInfo failed
[0719/103953:ERROR:process_info.cc(608)] range at 0x7ff78952b000, size 0x354 fully unreadable
[0719/103953:ERROR:process_info.cc(608)] range at 0x7ffb152661c0, size 0x40 fully unreadable
[0719/103953:ERROR:process_info.cc(608)] range at 0x7ffb1522b7b0, size 0x12 fully unreadable
[0719/103953:ERROR:process_info.cc(608)] range at 0x7ffb1522b7b0, size 0x12 fully unreadable
[0719/103953:ERROR:process_info.cc(608)] range at 0x7ffb1522b7b0, size 0x12 fully unreadable
[0719/103953:ERROR:process_info.cc(608)] range at 0xba6b2f4600000000, size 0xf3 fully unreadable
[0719/103953:ERROR:process_info.cc(608)] range at 0xba6b2fa800000000, size 0xf3 fully unreadable
[0719/103953:ERROR:process_info.cc(608)] range at 0x0, size 0xf3 fully unreadable
[0719/103953:ERROR:process_info.cc(608)] range at 0x7ffb152630b0, size 0x28 fully unreadable
[0719/103953:ERROR:process_info.cc(608)] range at 0x7ffb15263c28, size 0x30 fully unreadable
[0719/103953:ERROR:process_reader_win.cc(141)] SuspendThread: Access is denied. (0x5)
[0719/103953:ERROR:process_reader_win.cc(232)] ReadMemory at 0x7ff789c10000 of 64 bytes failed: Only part of a ReadProcessMemory or WriteProcessMemory request was completed. (0x12B)
[0719/103953:WARNING:pe_image_reader.cc(280)] could not read dos header from C:\Program Files (x86)\Google\Chrome\Application\chrome.exe
[0719/103953:ERROR:process_reader_win.cc(232)] ReadMemory at 0x7ffb02f30258 of 40 bytes failed: Only part of a ReadProcessMemory or WriteProcessMemory request was completed. (0x12B)
[0719/103953:WARNING:pe_image_reader.cc(332)] could not read section 3 from C:\Windows\SYSTEM32\USP10.dll
[0719/103953:ERROR:process_reader_win.cc(232)] ReadMemory at 0x7ffad6280000 of 64 bytes failed: Only part of a ReadProcessMemory or WriteProcessMemory request was completed. (0x12B)
[0719/103953:WARNING:pe_image_reader.cc(280)] could not read dos header from C:\Program Files (x86)\Google\Chrome\Application\51.0.2704.106\chrome_child.dll
[0719/103953:ERROR:process_reader_win.cc(232)] ReadMemory at 0x7ffb05ef0000 of 64 bytes failed: Only part of a ReadProcessMemory or WriteProcessMemory request was completed. (0x12B)
[0719/103953:WARNING:pe_image_reader.cc(280)] could not read dos header from C:\Windows\SYSTEM32\dwrite.dll
[0719/103953:ERROR:process_reader_win.cc(232)] ReadMemory at 0x7ff789cf1910 of 12 bytes failed: Only part of a ReadProcessMemory or WriteProcessMemory request was completed. (0x12B)
[0719/103953:WARNING:process_snapshot_win.cc(102)] ReadMemory ExceptionInformation failed
[0719/103953:WARNING:crash_report_exception_handler.cc(60)] ProcessSnapshotWin::InitializeException failed
[0719/103953:ERROR:scoped_process_suspend.cc(38)] NtResumeProcess, ntstatus=-1073741558
[0719/104004:ERROR:process_info.cc(330)] VirtualQueryEx: Access is denied. (0x5)
[0719/104004:ERROR:process_info.cc(547)] ReadMemoryInfo failed
[0719/104004:ERROR:process_info.cc(608)] range at 0x7ff7899bf000, size 0x354 fully unreadable
[0719/104004:ERROR:process_info.cc(608)] range at 0x7ffb152661c0, size 0x40 fully unreadable
[0719/104004:ERROR:process_info.cc(608)] range at 0x7ffb1522b7b0, size 0x12 fully unreadable
[0719/104004:ERROR:process_info.cc(608)] range at 0x7ffb1522b7b0, size 0x12 fully unreadable
[0719/104004:ERROR:process_info.cc(608)] range at 0x7ffb1522b7b0, size 0x12 fully unreadable
[0719/104004:ERROR:process_info.cc(608)] range at 0x629c2f4400000000, size 0x46 fully unreadable
[0719/104004:ERROR:process_info.cc(608)] range at 0x629c2fa600000000, size 0x46 fully unreadable
[0719/104004:ERROR:process_info.cc(608)] range at 0x0, size 0x46 fully unreadable
[0719/104004:ERROR:process_info.cc(608)] range at 0x7ffb152630b0, size 0x28 fully unreadable
[0719/104004:ERROR:process_info.cc(608)] range at 0x7ffb15263c28, size 0x30 fully unreadable
[0719/104004:ERROR:process_reader_win.cc(141)] SuspendThread: Access is denied. (0x5)
[0719/104004:ERROR:process_reader_win.cc(232)] ReadMemory at 0x7ff789c10000 of 64 bytes failed: Only part of a ReadProcessMemory or WriteProcessMemory request was completed. (0x12B)
[0719/104004:WARNING:pe_image_reader.cc(280)] could not read dos header from C:\Program Files (x86)\Google\Chrome\Application\chrome.exe
[0719/104004:ERROR:process_reader_win.cc(232)] ReadMemory at 0x7ffad6280000 of 64 bytes failed: Only part of a ReadProcessMemory or WriteProcessMemory request was completed. (0x12B)
[0719/104004:WARNING:pe_image_reader.cc(280)] could not read dos header from C:\Program Files (x86)\Google\Chrome\Application\51.0.2704.106\chrome_child.dll
[0719/104004:ERROR:process_reader_win.cc(232)] ReadMemory at 0x7ff789cf1910 of 12 bytes failed: Only part of a ReadProcessMemory or WriteProcessMemory request was completed. (0x12B)
[0719/104004:WARNING:process_snapshot_win.cc(102)] ReadMemory ExceptionInformation failed
[0719/104004:WARNING:crash_report_exception_handler.cc(60)] ProcessSnapshotWin::InitializeException failed
[0719/104004:ERROR:scoped_process_suspend.cc(38)] NtResumeProcess, ntstatus=-1073741558
